2021-08-23 17:13:42 URL:http://innovationchallenge.open-contracting.org/ [63608] -> "innovationchallenge.open-contracting.org/index.html" [1]
2021-08-23 17:13:42 URL:http://innovationchallenge.open-contracting.org/robots.txt [67] -> "innovationchallenge.open-contracting.org/robots.txt" [1]
2021-08-23 17:13:44 URL:http://innovationchallenge.open-contracting.org/fr/ [64937] -> "innovationchallenge.open-contracting.org/fr/index.html" [1]
2021-08-23 17:13:46 URL:http://innovationchallenge.open-contracting.org/es/ [64518] -> "innovationchallenge.open-contracting.org/es/index.html" [1]
2021-08-23 17:13:46 URL:http://innovationchallenge.open-contracting.org/wp-includes/css/dist/block-library/style.min.css?ver=5.1.10 [25245/25245] -> "innovationchallenge.open-contracting.org/wp-includes/css/dist/block-library/style.min.css?ver=5.1.10" [1]
2021-08-23 17:13:47 URL:http://innovationchallenge.open-contracting.org/wp-json/ [88323] -> "innovationchallenge.open-contracting.org/wp-json/index.html" [1]
2021-08-23 17:13:47 URL:http://innovationchallenge.open-contracting.org/wp-content/themes/ocp/css/normalize.css [7757/7757] -> "innovationchallenge.open-contracting.org/wp-content/themes/ocp/css/normalize.css" [1]
2021-08-23 17:13:47 URL:http://innovationchallenge.open-contracting.org/wp-content/themes/ocp/css/components.css [37819/37819] -> "innovationchallenge.open-contracting.org/wp-content/themes/ocp/css/components.css" [1]
2021-08-23 17:13:47 URL:http://innovationchallenge.open-contracting.org/wp-content/themes/ocp/css/ocp-components.css [64548/64548] -> "innovationchallenge.open-contracting.org/wp-content/themes/ocp/css/ocp-components.css" [1]
2021-08-23 17:13:47 URL:http://innovationchallenge.open-contracting.org/wp-content/themes/ocp/js/modernizr.js [5258/5258] -> "innovationchallenge.open-contracting.org/wp-content/themes/ocp/js/modernizr.js" [1]
2021-08-23 17:13:47 URL:http://innovationchallenge.open-contracting.org/wp-content/themes/ocp/lib/jquery.countdown-2.2.0/jquery.countdown.min.js [5339/5339] -> "innovationchallenge.open-contracting.org/wp-content/themes/ocp/lib/jquery.countdown-2.2.0/jquery.countdown.min.js" [1]
2021-08-23 17:13:47 URL:http://innovationchallenge.open-contracting.org/wp-content/themes/ocp/style.css?v=1.0 [9799/9799] -> "innovationchallenge.open-contracting.org/wp-content/themes/ocp/style.css?v=1.0" [1]
2021-08-23 17:13:48 URL:http://innovationchallenge.open-contracting.org/the-application/ [24401] -> "innovationchallenge.open-contracting.org/the-application/index.html" [1]
2021-08-23 17:13:48 URL:http://innovationchallenge.open-contracting.org/community/ [149061] -> "innovationchallenge.open-contracting.org/community/index.html" [1]
2021-08-23 17:13:48 URL:http://innovationchallenge.open-contracting.org/wp-content/themes/ocp/images/Screen-Shot-2017-03-28-at-16.59.40.png [20449/20449] -> "innovationchallenge.open-contracting.org/wp-content/themes/ocp/images/Screen-Shot-2017-03-28-at-16.59.40.png" [1]
2021-08-23 17:13:48 URL:http://innovationchallenge.open-contracting.org/wp-content/themes/ocp/images/Screen-Shot-2017-03-28-at-16.59.40-p-500x49.png [8782/8782] -> "innovationchallenge.open-contracting.org/wp-content/themes/ocp/images/Screen-Shot-2017-03-28-at-16.59.40-p-500x49.png" [1]
2021-08-23 17:13:48 URL:http://innovationchallenge.open-contracting.org/wp-content/themes/ocp/images/Screen-Shot-2017-03-28-at-16.59.40-p-800x78.png [15488/15488] -> "innovationchallenge.open-contracting.org/wp-content/themes/ocp/images/Screen-Shot-2017-03-28-at-16.59.40-p-800x78.png" [1]
2021-08-23 17:13:48 URL:http://innovationchallenge.open-contracting.org/wp-content/themes/ocp/images/long.svg [480/480] -> "innovationchallenge.open-contracting.org/wp-content/themes/ocp/images/long.svg" [1]
2021-08-23 17:13:48 URL:http://innovationchallenge.open-contracting.org/wp-content/themes/ocp/images/impact.png [11629/11629] -> "innovationchallenge.open-contracting.org/wp-content/themes/ocp/images/impact.png" [1]
2021-08-23 17:13:48 URL:http://innovationchallenge.open-contracting.org/wp-content/themes/ocp/images/innovation.png [8036/8036] -> "innovationchallenge.open-contracting.org/wp-content/themes/ocp/images/innovation.png" [1]
2021-08-23 17:13:48 URL:http://innovationchallenge.open-contracting.org/wp-content/themes/ocp/images/data.png [8936/8936] -> "innovationchallenge.open-contracting.org/wp-content/themes/ocp/images/data.png" [1]
2021-08-23 17:13:48 URL:http://innovationchallenge.open-contracting.org/wp-content/themes/ocp/images/sustainability.png [9260/9260] -> "innovationchallenge.open-contracting.org/wp-content/themes/ocp/images/sustainability.png" [1]
2021-08-23 17:13:48 URL:http://innovationchallenge.open-contracting.org/wp-content/themes/ocp/images/team.png [11850/11850] -> "innovationchallenge.open-contracting.org/wp-content/themes/ocp/images/team.png" [1]
2021-08-23 17:13:48 URL:http://innovationchallenge.open-contracting.org/wp-includes/js/wp-embed.min.js?ver=5.1.10 [1391/1391] -> "innovationchallenge.open-contracting.org/wp-includes/js/wp-embed.min.js?ver=5.1.10" [1]
2021-08-23 17:13:49 URL:http://innovationchallenge.open-contracting.org/wp-content/themes/ocp/js/ocp-components.js [99470/99470] -> "innovationchallenge.open-contracting.org/wp-content/themes/ocp/js/ocp-components.js" [1]
2021-08-23 17:13:49 URL:http://innovationchallenge.open-contracting.org/fr/wp-json/ [88519] -> "innovationchallenge.open-contracting.org/fr/wp-json/index.html" [1]
2021-08-23 17:13:50 URL:http://innovationchallenge.open-contracting.org/fr/the-application/ [23799] -> "innovationchallenge.open-contracting.org/fr/the-application/index.html" [1]
2021-08-23 17:13:51 URL:http://innovationchallenge.open-contracting.org/fr/community/ [150399] -> "innovationchallenge.open-contracting.org/fr/community/index.html" [1]
2021-08-23 17:13:52 URL:http://innovationchallenge.open-contracting.org/es/wp-json/ [88519] -> "innovationchallenge.open-contracting.org/es/wp-json/index.html" [1]
2021-08-23 17:13:53 URL:http://innovationchallenge.open-contracting.org/es/the-application/ [23863] -> "innovationchallenge.open-contracting.org/es/the-application/index.html" [1]
2021-08-23 17:13:54 URL:http://innovationchallenge.open-contracting.org/es/community/ [151436] -> "innovationchallenge.open-contracting.org/es/community/index.html" [1]
2021-08-23 17:13:54 URL:http://innovationchallenge.open-contracting.org/wp-content/themes/ocp/images/39654.jpg [2312910/2312910] -> "innovationchallenge.open-contracting.org/wp-content/themes/ocp/images/39654.jpg" [1]
http://innovationchallenge.open-contracting.org/wp-content/themes/ocp/images/example-bg.png:
2021-08-23 17:13:54 ERROR 404: Not Found.
2021-08-23 17:13:54 URL:http://innovationchallenge.open-contracting.org/wp-content/themes/ocp/images/nz-sj.jpg [1204590/1204590] -> "innovationchallenge.open-contracting.org/wp-content/themes/ocp/images/nz-sj.jpg" [1]
2021-08-23 17:13:55 URL:http://innovationchallenge.open-contracting.org/wp-content/themes/ocp/images/bg-baw.png [1726803/1726803] -> "innovationchallenge.open-contracting.org/wp-content/themes/ocp/images/bg-baw.png" [1]
2021-08-23 17:13:55 URL:http://innovationchallenge.open-contracting.org/wp-content/themes/ocp/images/angle.svg [515/515] -> "innovationchallenge.open-contracting.org/wp-content/themes/ocp/images/angle.svg" [1]
2021-08-23 17:13:55 URL:http://innovationchallenge.open-contracting.org/wp-content/themes/ocp/images/mila.png [319624/319624] -> "innovationchallenge.open-contracting.org/wp-content/themes/ocp/images/mila.png" [1]
2021-08-23 17:13:55 URL:http://innovationchallenge.open-contracting.org/wp-content/themes/ocp/images/Slovakia-Prez.jpg [119725/119725] -> "innovationchallenge.open-contracting.org/wp-content/themes/ocp/images/Slovakia-Prez.jpg" [1]
2021-08-23 17:13:55 URL:http://innovationchallenge.open-contracting.org/wp-content/themes/ocp/images/Budeshi-Nigeria-768x342.png [324740/324740] -> "innovationchallenge.open-contracting.org/wp-content/themes/ocp/images/Budeshi-Nigeria-768x342.png" [1]
2021-08-23 17:13:55 URL:http://innovationchallenge.open-contracting.org/wp-content/themes/ocp/images/ProZorro-stronger-768x432.jpg [66869/66869] -> "innovationchallenge.open-contracting.org/wp-content/themes/ocp/images/ProZorro-stronger-768x432.jpg" [1]
2021-08-23 17:13:55 URL:http://innovationchallenge.open-contracting.org/wp-content/themes/ocp/fonts/Stratum2-Bold.otf [16564/16564] -> "innovationchallenge.open-contracting.org/wp-content/themes/ocp/fonts/Stratum2-Bold.otf" [1]
2021-08-23 17:13:55 URL:http://innovationchallenge.open-contracting.org/wp-content/themes/ocp/fonts/Stratum2-Regular.otf [16656/16656] -> "innovationchallenge.open-contracting.org/wp-content/themes/ocp/fonts/Stratum2-Regular.otf" [1]
2021-08-23 17:13:55 URL:http://innovationchallenge.open-contracting.org/wp-content/themes/ocp/fonts/Stratum2-Medium.otf [16596/16596] -> "innovationchallenge.open-contracting.org/wp-content/themes/ocp/fonts/Stratum2-Medium.otf" [1]
2021-08-23 17:13:55 URL:http://innovationchallenge.open-contracting.org/wp-content/themes/ocp/fonts/Stratum2-Black.otf [16864/16864] -> "innovationchallenge.open-contracting.org/wp-content/themes/ocp/fonts/Stratum2-Black.otf" [1]
2021-08-23 17:13:55 URL:http://innovationchallenge.open-contracting.org/wp-content/themes/ocp/fonts/Stratum2-Light.otf [16076/16076] -> "innovationchallenge.open-contracting.org/wp-content/themes/ocp/fonts/Stratum2-Light.otf" [1]
2021-08-23 17:13:55 URL:http://innovationchallenge.open-contracting.org/wp-content/themes/ocp/fonts/Stratum2-Thin.otf [15872/15872] -> "innovationchallenge.open-contracting.org/wp-content/themes/ocp/fonts/Stratum2-Thin.otf" [1]
2021-08-23 17:13:55 URL:http://innovationchallenge.open-contracting.org/wp-content/themes/ocp/fonts/Stratum1-Black.otf [17092/17092] -> "innovationchallenge.open-contracting.org/wp-content/themes/ocp/fonts/Stratum1-Black.otf" [1]
2021-08-23 17:13:55 URL:http://innovationchallenge.open-contracting.org/wp-content/themes/ocp/fonts/Stratum1-Bold.otf [16324/16324] -> "innovationchallenge.open-contracting.org/wp-content/themes/ocp/fonts/Stratum1-Bold.otf" [1]
2021-08-23 17:13:55 URL:http://innovationchallenge.open-contracting.org/wp-content/themes/ocp/fonts/Stratum1-Thin.otf [15980/15980] -> "innovationchallenge.open-contracting.org/wp-content/themes/ocp/fonts/Stratum1-Thin.otf" [1]
2021-08-23 17:13:55 URL:http://innovationchallenge.open-contracting.org/wp-content/themes/ocp/fonts/Stratum1-Regular.otf [16708/16708] -> "innovationchallenge.open-contracting.org/wp-content/themes/ocp/fonts/Stratum1-Regular.otf" [1]
2021-08-23 17:13:55 URL:http://innovationchallenge.open-contracting.org/wp-content/themes/ocp/fonts/Stratum1-Light.otf [16228/16228] -> "innovationchallenge.open-contracting.org/wp-content/themes/ocp/fonts/Stratum1-Light.otf" [1]
2021-08-23 17:13:55 URL:http://innovationchallenge.open-contracting.org/wp-content/themes/ocp/fonts/Stratum1-Medium.otf [16508/16508] -> "innovationchallenge.open-contracting.org/wp-content/themes/ocp/fonts/Stratum1-Medium.otf" [1]
2021-08-23 17:13:56 URL:http://innovationchallenge.open-contracting.org/blog/applications/telus/ [19216] -> "innovationchallenge.open-contracting.org/blog/applications/telus/index.html" [1]
2021-08-23 17:13:56 URL:http://innovationchallenge.open-contracting.org/blog/applications/benchmarking-contracting-authorities/ [19089] -> "innovationchallenge.open-contracting.org/blog/applications/benchmarking-contracting-authorities/index.html" [1]
2021-08-23 17:13:57 URL:http://innovationchallenge.open-contracting.org/blog/applications/contratobook/ [19213] -> "innovationchallenge.open-contracting.org/blog/applications/contratobook/index.html" [1]
2021-08-23 17:13:57 URL:http://innovationchallenge.open-contracting.org/blog/applications/digitaltwins-info/ [19572] -> "innovationchallenge.open-contracting.org/blog/applications/digitaltwins-info/index.html" [1]
2021-08-23 17:13:58 URL:http://innovationchallenge.open-contracting.org/blog/applications/joined-data-linked-useable-procurement-data/ [19102] -> "innovationchallenge.open-contracting.org/blog/applications/joined-data-linked-useable-procurement-data/index.html" [1]
2021-08-23 17:13:58 URL:http://innovationchallenge.open-contracting.org/blog/applications/ocdsearch/ [18675] -> "innovationchallenge.open-contracting.org/blog/applications/ocdsearch/index.html" [1]
2021-08-23 17:13:59 URL:http://innovationchallenge.open-contracting.org/blog/applications/nocopo-www-nigeriaoc-org/ [19624] -> "innovationchallenge.open-contracting.org/blog/applications/nocopo-www-nigeriaoc-org/index.html" [1]
2021-08-23 17:13:59 URL:http://innovationchallenge.open-contracting.org/blog/applications/discretion-overcoming-implementation-stage/ [19819] -> "innovationchallenge.open-contracting.org/blog/applications/discretion-overcoming-implementation-stage/index.html" [1]
2021-08-23 17:14:00 URL:http://innovationchallenge.open-contracting.org/blog/applications/reaching-civic-technology/ [19656] -> "innovationchallenge.open-contracting.org/blog/applications/reaching-civic-technology/index.html" [1]
2021-08-23 17:14:00 URL:http://innovationchallenge.open-contracting.org/blog/applications/investigating-contracts-blueprint/ [19409] -> "innovationchallenge.open-contracting.org/blog/applications/investigating-contracts-blueprint/index.html" [1]
2021-08-23 17:14:00 URL:http://innovationchallenge.open-contracting.org/blog/applications/e-tendersystem/ [18293] -> "innovationchallenge.open-contracting.org/blog/applications/e-tendersystem/index.html" [1]
2021-08-23 17:14:01 URL:http://innovationchallenge.open-contracting.org/blog/applications/operacao-serenata-de-amor/ [19485] -> "innovationchallenge.open-contracting.org/blog/applications/operacao-serenata-de-amor/index.html" [1]
2021-08-23 17:14:01 URL:http://innovationchallenge.open-contracting.org/blog/applications/wemis/ [18391] -> "innovationchallenge.open-contracting.org/blog/applications/wemis/index.html" [1]
2021-08-23 17:14:02 URL:http://innovationchallenge.open-contracting.org/blog/applications/blockchain-tech-improving-public-procurements/ [18886] -> "innovationchallenge.open-contracting.org/blog/applications/blockchain-tech-improving-public-procurements/index.html" [1]
2021-08-23 17:14:03 URL:http://innovationchallenge.open-contracting.org/blog/applications/procurement-indian-railways-data-mining/ [18611] -> "innovationchallenge.open-contracting.org/blog/applications/procurement-indian-railways-data-mining/index.html" [1]
2021-08-23 17:14:03 URL:http://innovationchallenge.open-contracting.org/blog/applications/algotender/ [18443] -> "innovationchallenge.open-contracting.org/blog/applications/algotender/index.html" [1]
2021-08-23 17:14:04 URL:http://innovationchallenge.open-contracting.org/blog/applications/online-data-management/ [18352] -> "innovationchallenge.open-contracting.org/blog/applications/online-data-management/index.html" [1]
2021-08-23 17:14:04 URL:http://innovationchallenge.open-contracting.org/blog/applications/monitoring-unfair-public-procurement/ [19061] -> "innovationchallenge.open-contracting.org/blog/applications/monitoring-unfair-public-procurement/index.html" [1]
2021-08-23 17:14:05 URL:http://innovationchallenge.open-contracting.org/blog/applications/shared-past-performance-database/ [18812] -> "innovationchallenge.open-contracting.org/blog/applications/shared-past-performance-database/index.html" [1]
2021-08-23 17:14:05 URL:http://innovationchallenge.open-contracting.org/blog/applications/compras-publicas-para-ciudadanos-y-proveedores/ [19695] -> "innovationchallenge.open-contracting.org/blog/applications/compras-publicas-para-ciudadanos-y-proveedores/index.html" [1]
2021-08-23 17:14:06 URL:http://innovationchallenge.open-contracting.org/blog/applications/intellitender/ [18987] -> "innovationchallenge.open-contracting.org/blog/applications/intellitender/index.html" [1]
2021-08-23 17:14:06 URL:http://innovationchallenge.open-contracting.org/blog/applications/tender-forest/ [18983] -> "innovationchallenge.open-contracting.org/blog/applications/tender-forest/index.html" [1]
2021-08-23 17:14:07 URL:http://innovationchallenge.open-contracting.org/blog/applications/government-canada-spending/ [19544] -> "innovationchallenge.open-contracting.org/blog/applications/government-canada-spending/index.html" [1]
2021-08-23 17:14:07 URL:http://innovationchallenge.open-contracting.org/blog/applications/public-contracts-women-business-owners/ [18864] -> "innovationchallenge.open-contracting.org/blog/applications/public-contracts-women-business-owners/index.html" [1]
2021-08-23 17:14:07 URL:http://innovationchallenge.open-contracting.org/blog/applications/benchmarking-nhs-procurement-data-ocds/ [19113] -> "innovationchallenge.open-contracting.org/blog/applications/benchmarking-nhs-procurement-data-ocds/index.html" [1]
2021-08-23 17:14:08 URL:http://innovationchallenge.open-contracting.org/blog/applications/unified-e-portal-members-world-trade/ [19652] -> "innovationchallenge.open-contracting.org/blog/applications/unified-e-portal-members-world-trade/index.html" [1]
2021-08-23 17:14:08 URL:http://innovationchallenge.open-contracting.org/blog/applications/ideales-contratos-publicos/ [19127] -> "innovationchallenge.open-contracting.org/blog/applications/ideales-contratos-publicos/index.html" [1]
2021-08-23 17:14:09 URL:http://innovationchallenge.open-contracting.org/blog/applications/project-sunflower/ [18476] -> "innovationchallenge.open-contracting.org/blog/applications/project-sunflower/index.html" [1]
2021-08-23 17:14:09 URL:http://innovationchallenge.open-contracting.org/blog/applications/tenderio/ [18898] -> "innovationchallenge.open-contracting.org/blog/applications/tenderio/index.html" [1]
2021-08-23 17:14:10 URL:http://innovationchallenge.open-contracting.org/blog/applications/open-inspection/ [19525] -> "innovationchallenge.open-contracting.org/blog/applications/open-inspection/index.html" [1]
2021-08-23 17:14:10 URL:http://innovationchallenge.open-contracting.org/blog/applications/angry-taxpayers/ [19587] -> "innovationchallenge.open-contracting.org/blog/applications/angry-taxpayers/index.html" [1]
2021-08-23 17:14:11 URL:http://innovationchallenge.open-contracting.org/blog/applications/measuring-corruption-risk-brazilian-cities/ [19689] -> "innovationchallenge.open-contracting.org/blog/applications/measuring-corruption-risk-brazilian-cities/index.html" [1]
2021-08-23 17:14:11 URL:http://innovationchallenge.open-contracting.org/blog/applications/pymeo/ [19074] -> "innovationchallenge.open-contracting.org/blog/applications/pymeo/index.html" [1]
2021-08-23 17:14:12 URL:http://innovationchallenge.open-contracting.org/blog/applications/quienesquien-wiki/ [19409] -> "innovationchallenge.open-contracting.org/blog/applications/quienesquien-wiki/index.html" [1]
2021-08-23 17:14:12 URL:http://innovationchallenge.open-contracting.org/blog/applications/edutrack/ [18867] -> "innovationchallenge.open-contracting.org/blog/applications/edutrack/index.html" [1]
2021-08-23 17:14:13 URL:http://innovationchallenge.open-contracting.org/blog/applications/portal-transparent-ppp-projects-p4t4/ [18308] -> "innovationchallenge.open-contracting.org/blog/applications/portal-transparent-ppp-projects-p4t4/index.html" [1]
2021-08-23 17:14:13 URL:http://innovationchallenge.open-contracting.org/blog/applications/value-money-health/ [18763] -> "innovationchallenge.open-contracting.org/blog/applications/value-money-health/index.html" [1]
2021-08-23 17:14:14 URL:http://innovationchallenge.open-contracting.org/blog/applications/monitoring-artificial-division-contracts/ [18904] -> "innovationchallenge.open-contracting.org/blog/applications/monitoring-artificial-division-contracts/index.html" [1]
2021-08-23 17:14:14 URL:http://innovationchallenge.open-contracting.org/blog/applications/two-pence-lit-trigrasis-provisional/ [18576] -> "innovationchallenge.open-contracting.org/blog/applications/two-pence-lit-trigrasis-provisional/index.html" [1]
2021-08-23 17:14:14 URL:http://innovationchallenge.open-contracting.org/blog/applications/intercom/ [19480] -> "innovationchallenge.open-contracting.org/blog/applications/intercom/index.html" [1]
2021-08-23 17:14:15 URL:http://innovationchallenge.open-contracting.org/blog/applications/municipios-transparentes/ [19090] -> "innovationchallenge.open-contracting.org/blog/applications/municipios-transparentes/index.html" [1]
2021-08-23 17:14:16 URL:http://innovationchallenge.open-contracting.org/blog/applications/vigilant-screen/ [18796] -> "innovationchallenge.open-contracting.org/blog/applications/vigilant-screen/index.html" [1]
2021-08-23 17:14:16 URL:http://innovationchallenge.open-contracting.org/blog/applications/zamowienia-2-0/ [19310] -> "innovationchallenge.open-contracting.org/blog/applications/zamowienia-2-0/index.html" [1]
2021-08-23 17:14:17 URL:http://innovationchallenge.open-contracting.org/blog/applications/e-ntegriti-one-click-transparency/ [18581] -> "innovationchallenge.open-contracting.org/blog/applications/e-ntegriti-one-click-transparency/index.html" [1]
2021-08-23 17:14:17 URL:http://innovationchallenge.open-contracting.org/blog/applications/smart-case/ [18921] -> "innovationchallenge.open-contracting.org/blog/applications/smart-case/index.html" [1]
2021-08-23 17:14:17 URL:http://innovationchallenge.open-contracting.org/blog/applications/pachena-mobi-tender/ [18490] -> "innovationchallenge.open-contracting.org/blog/applications/pachena-mobi-tender/index.html" [1]
2021-08-23 17:14:18 URL:http://innovationchallenge.open-contracting.org/blog/applications/ontrack/ [18394] -> "innovationchallenge.open-contracting.org/blog/applications/ontrack/index.html" [1]
2021-08-23 17:14:18 URL:http://innovationchallenge.open-contracting.org/blog/applications/african-data-initiative/ [19655] -> "innovationchallenge.open-contracting.org/blog/applications/african-data-initiative/index.html" [1]
2021-08-23 17:14:19 URL:http://innovationchallenge.open-contracting.org/blog/applications/collaborative-open-data-investigation/ [19096] -> "innovationchallenge.open-contracting.org/blog/applications/collaborative-open-data-investigation/index.html" [1]
2021-08-23 17:14:19 URL:http://innovationchallenge.open-contracting.org/blog/applications/procurement-work-construction-region-farms/ [18721] -> "innovationchallenge.open-contracting.org/blog/applications/procurement-work-construction-region-farms/index.html" [1]
2021-08-23 17:14:20 URL:http://innovationchallenge.open-contracting.org/blog/applications/expertise-outcomes-becomes-important/ [19683] -> "innovationchallenge.open-contracting.org/blog/applications/expertise-outcomes-becomes-important/index.html" [1]
2021-08-23 17:14:20 URL:http://innovationchallenge.open-contracting.org/blog/applications/mobilemonitor/ [18869] -> "innovationchallenge.open-contracting.org/blog/applications/mobilemonitor/index.html" [1]
2021-08-23 17:14:21 URL:http://innovationchallenge.open-contracting.org/blog/applications/open-audit/ [18957] -> "innovationchallenge.open-contracting.org/blog/applications/open-audit/index.html" [1]
2021-08-23 17:14:21 URL:http://innovationchallenge.open-contracting.org/blog/applications/calauit-safari-system/ [19559] -> "innovationchallenge.open-contracting.org/blog/applications/calauit-safari-system/index.html" [1]
2021-08-23 17:14:22 URL:http://innovationchallenge.open-contracting.org/blog/applications/usingjuridical-data-public-procurement-nepal/ [19114] -> "innovationchallenge.open-contracting.org/blog/applications/usingjuridical-data-public-procurement-nepal/index.html" [1]
2021-08-23 17:14:22 URL:http://innovationchallenge.open-contracting.org/blog/applications/transparency-contract-award-nigeria/ [19659] -> "innovationchallenge.open-contracting.org/blog/applications/transparency-contract-award-nigeria/index.html" [1]
2021-08-23 17:14:23 URL:http://innovationchallenge.open-contracting.org/blog/applications/cloud-open-marketplace/ [18755] -> "innovationchallenge.open-contracting.org/blog/applications/cloud-open-marketplace/index.html" [1]
2021-08-23 17:14:23 URL:http://innovationchallenge.open-contracting.org/blog/applications/quien-le-compra-la-ciudad-de-mexico/ [19385] -> "innovationchallenge.open-contracting.org/blog/applications/quien-le-compra-la-ciudad-de-mexico/index.html" [1]
2021-08-23 17:14:24 URL:http://innovationchallenge.open-contracting.org/blog/applications/hackaton-for-usability/ [19580] -> "innovationchallenge.open-contracting.org/blog/applications/hackaton-for-usability/index.html" [1]
2021-08-23 17:14:24 URL:http://innovationchallenge.open-contracting.org/blog/applications/contrataciones-abiertas-mx/ [19035] -> "innovationchallenge.open-contracting.org/blog/applications/contrataciones-abiertas-mx/index.html" [1]
2021-08-23 17:14:25 URL:http://innovationchallenge.open-contracting.org/blog/applications/drcongo-gov-open-contract/ [18638] -> "innovationchallenge.open-contracting.org/blog/applications/drcongo-gov-open-contract/index.html" [1]
2021-08-23 17:14:25 URL:http://innovationchallenge.open-contracting.org/blog/applications/oc-analytics/ [19427] -> "innovationchallenge.open-contracting.org/blog/applications/oc-analytics/index.html" [1]
2021-08-23 17:14:26 URL:http://innovationchallenge.open-contracting.org/blog/applications/crosstract/ [18420] -> "innovationchallenge.open-contracting.org/blog/applications/crosstract/index.html" [1]
2021-08-23 17:14:26 URL:http://innovationchallenge.open-contracting.org/blog/applications/apply-for-tender/ [18747] -> "innovationchallenge.open-contracting.org/blog/applications/apply-for-tender/index.html" [1]
2021-08-23 17:14:27 URL:http://innovationchallenge.open-contracting.org/blog/applications/crowdtrack/ [19245] -> "innovationchallenge.open-contracting.org/blog/applications/crowdtrack/index.html" [1]
2021-08-23 17:14:27 URL:http://innovationchallenge.open-contracting.org/blog/applications/cabrane-com-keep-eye-site/ [18839] -> "innovationchallenge.open-contracting.org/blog/applications/cabrane-com-keep-eye-site/index.html" [1]
2021-08-23 17:14:28 URL:http://innovationchallenge.open-contracting.org/blog/applications/linking-spending-contracting-data-mexico/ [19859] -> "innovationchallenge.open-contracting.org/blog/applications/linking-spending-contracting-data-mexico/index.html" [1]
2021-08-23 17:14:28 URL:http://innovationchallenge.open-contracting.org/blog/applications/compratwitt/ [19239] -> "innovationchallenge.open-contracting.org/blog/applications/compratwitt/index.html" [1]
2021-08-23 17:14:29 URL:http://innovationchallenge.open-contracting.org/blog/applications/market-rate-alert-egp/ [18095] -> "innovationchallenge.open-contracting.org/blog/applications/market-rate-alert-egp/index.html" [1]
2021-08-23 17:14:29 URL:http://innovationchallenge.open-contracting.org/blog/applications/countcontracts/ [18150] -> "innovationchallenge.open-contracting.org/blog/applications/countcontracts/index.html" [1]
2021-08-23 17:14:30 URL:http://innovationchallenge.open-contracting.org/blog/applications/protocolo-para-la-medicion-del-avance-de-obras/ [18658] -> "innovationchallenge.open-contracting.org/blog/applications/protocolo-para-la-medicion-del-avance-de-obras/index.html" [1]
2021-08-23 17:14:30 URL:http://innovationchallenge.open-contracting.org/blog/applications/citizens-engaging-public-procurement/ [19110] -> "innovationchallenge.open-contracting.org/blog/applications/citizens-engaging-public-procurement/index.html" [1]
2021-08-23 17:14:30 URL:http://innovationchallenge.open-contracting.org/blog/applications/apolo-advancing-procurement-open-ledger-ops/ [19499] -> "innovationchallenge.open-contracting.org/blog/applications/apolo-advancing-procurement-open-ledger-ops/index.html" [1]
2021-08-23 17:14:31 URL:http://innovationchallenge.open-contracting.org/blog/applications/ant-fraud-social-awareness/ [19625] -> "innovationchallenge.open-contracting.org/blog/applications/ant-fraud-social-awareness/index.html" [1]
2021-08-23 17:14:31 URL:http://innovationchallenge.open-contracting.org/blog/applications/open-data-open-micro-procurement/ [18851] -> "innovationchallenge.open-contracting.org/blog/applications/open-data-open-micro-procurement/index.html" [1]
2021-08-23 17:14:32 URL:http://innovationchallenge.open-contracting.org/blog/applications/monaqasat-morocco/ [18602] -> "innovationchallenge.open-contracting.org/blog/applications/monaqasat-morocco/index.html" [1]
2021-08-23 17:14:32 URL:http://innovationchallenge.open-contracting.org/blog/applications/opentendertr/ [18714] -> "innovationchallenge.open-contracting.org/blog/applications/opentendertr/index.html" [1]
2021-08-23 17:14:33 URL:http://innovationchallenge.open-contracting.org/blog/applications/crowdsourcing-monitor-procurement-contracts/ [18464] -> "innovationchallenge.open-contracting.org/blog/applications/crowdsourcing-monitor-procurement-contracts/index.html" [1]
2021-08-23 17:14:33 URL:http://innovationchallenge.open-contracting.org/blog/applications/crowd-based-social-red-flagging/ [18806] -> "innovationchallenge.open-contracting.org/blog/applications/crowd-based-social-red-flagging/index.html" [1]
2021-08-23 17:14:34 URL:http://innovationchallenge.open-contracting.org/blog/applications/unlocking-potential-data-waste-sector/ [19117] -> "innovationchallenge.open-contracting.org/blog/applications/unlocking-potential-data-waste-sector/index.html" [1]
2021-08-23 17:14:34 URL:http://innovationchallenge.open-contracting.org/blog/applications/dueprop-app-smart-city-solutions/ [19363] -> "innovationchallenge.open-contracting.org/blog/applications/dueprop-app-smart-city-solutions/index.html" [1]
2021-08-23 17:14:35 URL:http://innovationchallenge.open-contracting.org/blog/applications/giving-procurement-voice/ [18809] -> "innovationchallenge.open-contracting.org/blog/applications/giving-procurement-voice/index.html" [1]
2021-08-23 17:14:35 URL:http://innovationchallenge.open-contracting.org/blog/applications/govsell-app/ [18425] -> "innovationchallenge.open-contracting.org/blog/applications/govsell-app/index.html" [1]
2021-08-23 17:14:36 URL:http://innovationchallenge.open-contracting.org/blog/applications/contrataciones-abiertas-nicaragua/ [19242] -> "innovationchallenge.open-contracting.org/blog/applications/contrataciones-abiertas-nicaragua/index.html" [1]
2021-08-23 17:14:36 URL:http://innovationchallenge.open-contracting.org/blog/applications/registro-publico-de-ordenes-de-compras-y-de-pago/ [18349] -> "innovationchallenge.open-contracting.org/blog/applications/registro-publico-de-ordenes-de-compras-y-de-pago/index.html" [1]
2021-08-23 17:14:37 URL:http://innovationchallenge.open-contracting.org/blog/applications/contratos-abertos-open-contracting-sao-paulo/ [18767] -> "innovationchallenge.open-contracting.org/blog/applications/contratos-abertos-open-contracting-sao-paulo/index.html" [1]
2021-08-23 17:14:37 URL:http://innovationchallenge.open-contracting.org/blog/applications/national-open-tenders-portal/ [19226] -> "innovationchallenge.open-contracting.org/blog/applications/national-open-tenders-portal/index.html" [1]
2021-08-23 17:14:38 URL:http://innovationchallenge.open-contracting.org/blog/applications/elvis-public-procurement-visualisation-tool/ [19387] -> "innovationchallenge.open-contracting.org/blog/applications/elvis-public-procurement-visualisation-tool/index.html" [1]
2021-08-23 17:14:38 URL:http://innovationchallenge.open-contracting.org/wp-content/uploads/2017/03/ProZorro-BI-tool-en-150x150.png [12676/12676] -> "innovationchallenge.open-contracting.org/wp-content/uploads/2017/03/ProZorro-BI-tool-en-150x150.png" [1]
2021-08-23 17:14:38 URL:http://innovationchallenge.open-contracting.org/wp-content/uploads/2017/04/Budeshi-Nigeria-150x150.png [29004/29004] -> "innovationchallenge.open-contracting.org/wp-content/uploads/2017/04/Budeshi-Nigeria-150x150.png" [1]
2021-08-23 17:14:38 URL:http://innovationchallenge.open-contracting.org/wp-content/uploads/2017/04/Paraguay-contracts-app-150x150.png [16246/16246] -> "innovationchallenge.open-contracting.org/wp-content/uploads/2017/04/Paraguay-contracts-app-150x150.png" [1]
2021-08-23 17:14:38 URL:http://innovationchallenge.open-contracting.org/wp-content/uploads/2017/04/Slovakia-3-150x150.png [16691/16691] -> "innovationchallenge.open-contracting.org/wp-content/uploads/2017/04/Slovakia-3-150x150.png" [1]
2021-08-23 17:14:38 URL:http://innovationchallenge.open-contracting.org/wp-content/uploads/2017/04/OpenOpps-768x432-150x150.png [12513/12513] -> "innovationchallenge.open-contracting.org/wp-content/uploads/2017/04/OpenOpps-768x432-150x150.png" [1]
2021-08-23 17:14:38 URL:http://innovationchallenge.open-contracting.org/wp-content/uploads/2017/04/e-prokurimi-768x432-150x150.png [29624/29624] -> "innovationchallenge.open-contracting.org/wp-content/uploads/2017/04/e-prokurimi-768x432-150x150.png" [1]
2021-08-23 17:14:39 URL:http://innovationchallenge.open-contracting.org/fr/blog/applications/telus/ [19188] -> "innovationchallenge.open-contracting.org/fr/blog/applications/telus/index.html" [1]
2021-08-23 17:14:39 URL:http://innovationchallenge.open-contracting.org/fr/blog/applications/benchmarking-contracting-authorities/ [19061] -> "innovationchallenge.open-contracting.org/fr/blog/applications/benchmarking-contracting-authorities/index.html" [1]
2021-08-23 17:14:40 URL:http://innovationchallenge.open-contracting.org/fr/blog/applications/contratobook/ [19185] -> "innovationchallenge.open-contracting.org/fr/blog/applications/contratobook/index.html" [1]
2021-08-23 17:14:40 URL:http://innovationchallenge.open-contracting.org/fr/blog/applications/digitaltwins-info/ [19544] -> "innovationchallenge.open-contracting.org/fr/blog/applications/digitaltwins-info/index.html" [1]
2021-08-23 17:14:41 URL:http://innovationchallenge.open-contracting.org/fr/blog/applications/joined-data-linked-useable-procurement-data/ [19074] -> "innovationchallenge.open-contracting.org/fr/blog/applications/joined-data-linked-useable-procurement-data/index.html" [1]
2021-08-23 17:14:41 URL:http://innovationchallenge.open-contracting.org/fr/blog/applications/ocdsearch/ [18647] -> "innovationchallenge.open-contracting.org/fr/blog/applications/ocdsearch/index.html" [1]
2021-08-23 17:14:42 URL:http://innovationchallenge.open-contracting.org/fr/blog/applications/nocopo-www-nigeriaoc-org/ [19596] -> "innovationchallenge.open-contracting.org/fr/blog/applications/nocopo-www-nigeriaoc-org/index.html" [1]
2021-08-23 17:14:42 URL:http://innovationchallenge.open-contracting.org/fr/blog/applications/discretion-overcoming-implementation-stage/ [19791] -> "innovationchallenge.open-contracting.org/fr/blog/applications/discretion-overcoming-implementation-stage/index.html" [1]
2021-08-23 17:14:43 URL:http://innovationchallenge.open-contracting.org/fr/blog/applications/reaching-civic-technology/ [19628] -> "innovationchallenge.open-contracting.org/fr/blog/applications/reaching-civic-technology/index.html" [1]
2021-08-23 17:14:43 URL:http://innovationchallenge.open-contracting.org/fr/blog/applications/investigating-contracts-blueprint/ [19381] -> "innovationchallenge.open-contracting.org/fr/blog/applications/investigating-contracts-blueprint/index.html" [1]
2021-08-23 17:14:44 URL:http://innovationchallenge.open-contracting.org/fr/blog/applications/e-tendersystem/ [18265] -> "innovationchallenge.open-contracting.org/fr/blog/applications/e-tendersystem/index.html" [1]
2021-08-23 17:14:44 URL:http://innovationchallenge.open-contracting.org/fr/blog/applications/operacao-serenata-de-amor/ [19457] -> "innovationchallenge.open-contracting.org/fr/blog/applications/operacao-serenata-de-amor/index.html" [1]
2021-08-23 17:14:45 URL:http://innovationchallenge.open-contracting.org/fr/blog/applications/wemis/ [18363] -> "innovationchallenge.open-contracting.org/fr/blog/applications/wemis/index.html" [1]
2021-08-23 17:14:46 URL:http://innovationchallenge.open-contracting.org/fr/blog/applications/blockchain-tech-improving-public-procurements/ [18858] -> "innovationchallenge.open-contracting.org/fr/blog/applications/blockchain-tech-improving-public-procurements/index.html" [1]
2021-08-23 17:14:46 URL:http://innovationchallenge.open-contracting.org/fr/blog/applications/procurement-indian-railways-data-mining/ [18583] -> "innovationchallenge.open-contracting.org/fr/blog/applications/procurement-indian-railways-data-mining/index.html" [1]
2021-08-23 17:14:47 URL:http://innovationchallenge.open-contracting.org/fr/blog/applications/algotender/ [18415] -> "innovationchallenge.open-contracting.org/fr/blog/applications/algotender/index.html" [1]
2021-08-23 17:14:47 URL:http://innovationchallenge.open-contracting.org/fr/blog/applications/online-data-management/ [18324] -> "innovationchallenge.open-contracting.org/fr/blog/applications/online-data-management/index.html" [1]
2021-08-23 17:14:48 URL:http://innovationchallenge.open-contracting.org/fr/blog/applications/monitoring-unfair-public-procurement/ [19033] -> "innovationchallenge.open-contracting.org/fr/blog/applications/monitoring-unfair-public-procurement/index.html" [1]
2021-08-23 17:14:48 URL:http://innovationchallenge.open-contracting.org/fr/blog/applications/shared-past-performance-database/ [18784] -> "innovationchallenge.open-contracting.org/fr/blog/applications/shared-past-performance-database/index.html" [1]
2021-08-23 17:14:49 URL:http://innovationchallenge.open-contracting.org/fr/blog/applications/compras-publicas-para-ciudadanos-y-proveedores/ [19667] -> "innovationchallenge.open-contracting.org/fr/blog/applications/compras-publicas-para-ciudadanos-y-proveedores/index.html" [1]
2021-08-23 17:14:49 URL:http://innovationchallenge.open-contracting.org/fr/blog/applications/intellitender/ [18959] -> "innovationchallenge.open-contracting.org/fr/blog/applications/intellitender/index.html" [1]
2021-08-23 17:14:50 URL:http://innovationchallenge.open-contracting.org/fr/blog/applications/tender-forest/ [18955] -> "innovationchallenge.open-contracting.org/fr/blog/applications/tender-forest/index.html" [1]
2021-08-23 17:14:50 URL:http://innovationchallenge.open-contracting.org/fr/blog/applications/government-canada-spending/ [19516] -> "innovationchallenge.open-contracting.org/fr/blog/applications/government-canada-spending/index.html" [1]
2021-08-23 17:14:51 URL:http://innovationchallenge.open-contracting.org/fr/blog/applications/public-contracts-women-business-owners/ [18836] -> "innovationchallenge.open-contracting.org/fr/blog/applications/public-contracts-women-business-owners/index.html" [1]
2021-08-23 17:14:51 URL:http://innovationchallenge.open-contracting.org/fr/blog/applications/benchmarking-nhs-procurement-data-ocds/ [19085] -> "innovationchallenge.open-contracting.org/fr/blog/applications/benchmarking-nhs-procurement-data-ocds/index.html" [1]
2021-08-23 17:14:52 URL:http://innovationchallenge.open-contracting.org/fr/blog/applications/unified-e-portal-members-world-trade/ [19624] -> "innovationchallenge.open-contracting.org/fr/blog/applications/unified-e-portal-members-world-trade/index.html" [1]
2021-08-23 17:14:53 URL:http://innovationchallenge.open-contracting.org/fr/blog/applications/ideales-contratos-publicos/ [19099] -> "innovationchallenge.open-contracting.org/fr/blog/applications/ideales-contratos-publicos/index.html" [1]
2021-08-23 17:14:53 URL:http://innovationchallenge.open-contracting.org/fr/blog/applications/project-sunflower/ [18448] -> "innovationchallenge.open-contracting.org/fr/blog/applications/project-sunflower/index.html" [1]
2021-08-23 17:14:54 URL:http://innovationchallenge.open-contracting.org/fr/blog/applications/tenderio/ [18870] -> "innovationchallenge.open-contracting.org/fr/blog/applications/tenderio/index.html" [1]
2021-08-23 17:14:54 URL:http://innovationchallenge.open-contracting.org/fr/blog/applications/open-inspection/ [19497] -> "innovationchallenge.open-contracting.org/fr/blog/applications/open-inspection/index.html" [1]
2021-08-23 17:14:55 URL:http://innovationchallenge.open-contracting.org/fr/blog/applications/angry-taxpayers/ [19559] -> "innovationchallenge.open-contracting.org/fr/blog/applications/angry-taxpayers/index.html" [1]
2021-08-23 17:14:55 URL:http://innovationchallenge.open-contracting.org/fr/blog/applications/measuring-corruption-risk-brazilian-cities/ [19661] -> "innovationchallenge.open-contracting.org/fr/blog/applications/measuring-corruption-risk-brazilian-cities/index.html" [1]
2021-08-23 17:14:56 URL:http://innovationchallenge.open-contracting.org/fr/blog/applications/pymeo/ [19046] -> "innovationchallenge.open-contracting.org/fr/blog/applications/pymeo/index.html" [1]
2021-08-23 17:14:57 URL:http://innovationchallenge.open-contracting.org/fr/blog/applications/quienesquien-wiki/ [19381] -> "innovationchallenge.open-contracting.org/fr/blog/applications/quienesquien-wiki/index.html" [1]
2021-08-23 17:14:57 URL:http://innovationchallenge.open-contracting.org/fr/blog/applications/edutrack/ [18839] -> "innovationchallenge.open-contracting.org/fr/blog/applications/edutrack/index.html" [1]
2021-08-23 17:14:58 URL:http://innovationchallenge.open-contracting.org/fr/blog/applications/portal-transparent-ppp-projects-p4t4/ [18280] -> "innovationchallenge.open-contracting.org/fr/blog/applications/portal-transparent-ppp-projects-p4t4/index.html" [1]
2021-08-23 17:14:58 URL:http://innovationchallenge.open-contracting.org/fr/blog/applications/value-money-health/ [18735] -> "innovationchallenge.open-contracting.org/fr/blog/applications/value-money-health/index.html" [1]
2021-08-23 17:14:59 URL:http://innovationchallenge.open-contracting.org/fr/blog/applications/monitoring-artificial-division-contracts/ [18876] -> "innovationchallenge.open-contracting.org/fr/blog/applications/monitoring-artificial-division-contracts/index.html" [1]
2021-08-23 17:14:59 URL:http://innovationchallenge.open-contracting.org/fr/blog/applications/two-pence-lit-trigrasis-provisional/ [18548] -> "innovationchallenge.open-contracting.org/fr/blog/applications/two-pence-lit-trigrasis-provisional/index.html" [1]
2021-08-23 17:15:00 URL:http://innovationchallenge.open-contracting.org/fr/blog/applications/intercom/ [19452] -> "innovationchallenge.open-contracting.org/fr/blog/applications/intercom/index.html" [1]
2021-08-23 17:15:00 URL:http://innovationchallenge.open-contracting.org/fr/blog/applications/municipios-transparentes/ [19062] -> "innovationchallenge.open-contracting.org/fr/blog/applications/municipios-transparentes/index.html" [1]
2021-08-23 17:15:01 URL:http://innovationchallenge.open-contracting.org/fr/blog/applications/vigilant-screen/ [18768] -> "innovationchallenge.open-contracting.org/fr/blog/applications/vigilant-screen/index.html" [1]
2021-08-23 17:15:01 URL:http://innovationchallenge.open-contracting.org/fr/blog/applications/zamowienia-2-0/ [19282] -> "innovationchallenge.open-contracting.org/fr/blog/applications/zamowienia-2-0/index.html" [1]
2021-08-23 17:15:02 URL:http://innovationchallenge.open-contracting.org/fr/blog/applications/e-ntegriti-one-click-transparency/ [18553] -> "innovationchallenge.open-contracting.org/fr/blog/applications/e-ntegriti-one-click-transparency/index.html" [1]
2021-08-23 17:15:03 URL:http://innovationchallenge.open-contracting.org/fr/blog/applications/smart-case/ [18893] -> "innovationchallenge.open-contracting.org/fr/blog/applications/smart-case/index.html" [1]
2021-08-23 17:15:03 URL:http://innovationchallenge.open-contracting.org/fr/blog/applications/pachena-mobi-tender/ [18462] -> "innovationchallenge.open-contracting.org/fr/blog/applications/pachena-mobi-tender/index.html" [1]
2021-08-23 17:15:04 URL:http://innovationchallenge.open-contracting.org/fr/blog/applications/ontrack/ [18366] -> "innovationchallenge.open-contracting.org/fr/blog/applications/ontrack/index.html" [1]
2021-08-23 17:15:04 URL:http://innovationchallenge.open-contracting.org/fr/blog/applications/african-data-initiative/ [19627] -> "innovationchallenge.open-contracting.org/fr/blog/applications/african-data-initiative/index.html" [1]
2021-08-23 17:15:05 URL:http://innovationchallenge.open-contracting.org/fr/blog/applications/collaborative-open-data-investigation/ [19068] -> "innovationchallenge.open-contracting.org/fr/blog/applications/collaborative-open-data-investigation/index.html" [1]
2021-08-23 17:15:05 URL:http://innovationchallenge.open-contracting.org/fr/blog/applications/procurement-work-construction-region-farms/ [18693] -> "innovationchallenge.open-contracting.org/fr/blog/applications/procurement-work-construction-region-farms/index.html" [1]
2021-08-23 17:15:06 URL:http://innovationchallenge.open-contracting.org/fr/blog/applications/expertise-outcomes-becomes-important/ [19655] -> "innovationchallenge.open-contracting.org/fr/blog/applications/expertise-outcomes-becomes-important/index.html" [1]
2021-08-23 17:15:06 URL:http://innovationchallenge.open-contracting.org/fr/blog/applications/mobilemonitor/ [18841] -> "innovationchallenge.open-contracting.org/fr/blog/applications/mobilemonitor/index.html" [1]
2021-08-23 17:15:07 URL:http://innovationchallenge.open-contracting.org/fr/blog/applications/open-audit/ [18929] -> "innovationchallenge.open-contracting.org/fr/blog/applications/open-audit/index.html" [1]
2021-08-23 17:15:07 URL:http://innovationchallenge.open-contracting.org/fr/blog/applications/calauit-safari-system/ [19531] -> "innovationchallenge.open-contracting.org/fr/blog/applications/calauit-safari-system/index.html" [1]
2021-08-23 17:15:08 URL:http://innovationchallenge.open-contracting.org/fr/blog/applications/usingjuridical-data-public-procurement-nepal/ [19086] -> "innovationchallenge.open-contracting.org/fr/blog/applications/usingjuridical-data-public-procurement-nepal/index.html" [1]
2021-08-23 17:15:08 URL:http://innovationchallenge.open-contracting.org/fr/blog/applications/transparency-contract-award-nigeria/ [19631] -> "innovationchallenge.open-contracting.org/fr/blog/applications/transparency-contract-award-nigeria/index.html" [1]
2021-08-23 17:15:09 URL:http://innovationchallenge.open-contracting.org/fr/blog/applications/cloud-open-marketplace/ [18727] -> "innovationchallenge.open-contracting.org/fr/blog/applications/cloud-open-marketplace/index.html" [1]
2021-08-23 17:15:09 URL:http://innovationchallenge.open-contracting.org/fr/blog/applications/quien-le-compra-la-ciudad-de-mexico/ [19357] -> "innovationchallenge.open-contracting.org/fr/blog/applications/quien-le-compra-la-ciudad-de-mexico/index.html" [1]
2021-08-23 17:15:10 URL:http://innovationchallenge.open-contracting.org/fr/blog/applications/hackaton-for-usability/ [19552] -> "innovationchallenge.open-contracting.org/fr/blog/applications/hackaton-for-usability/index.html" [1]
2021-08-23 17:15:11 URL:http://innovationchallenge.open-contracting.org/fr/blog/applications/contrataciones-abiertas-mx/ [19007] -> "innovationchallenge.open-contracting.org/fr/blog/applications/contrataciones-abiertas-mx/index.html" [1]
2021-08-23 17:15:11 URL:http://innovationchallenge.open-contracting.org/fr/blog/applications/drcongo-gov-open-contract/ [18610] -> "innovationchallenge.open-contracting.org/fr/blog/applications/drcongo-gov-open-contract/index.html" [1]
2021-08-23 17:15:12 URL:http://innovationchallenge.open-contracting.org/fr/blog/applications/oc-analytics/ [19399] -> "innovationchallenge.open-contracting.org/fr/blog/applications/oc-analytics/index.html" [1]
2021-08-23 17:15:12 URL:http://innovationchallenge.open-contracting.org/fr/blog/applications/crosstract/ [18392] -> "innovationchallenge.open-contracting.org/fr/blog/applications/crosstract/index.html" [1]
2021-08-23 17:15:13 URL:http://innovationchallenge.open-contracting.org/fr/blog/applications/apply-for-tender/ [18719] -> "innovationchallenge.open-contracting.org/fr/blog/applications/apply-for-tender/index.html" [1]
2021-08-23 17:15:13 URL:http://innovationchallenge.open-contracting.org/fr/blog/applications/crowdtrack/ [19217] -> "innovationchallenge.open-contracting.org/fr/blog/applications/crowdtrack/index.html" [1]
2021-08-23 17:15:14 URL:http://innovationchallenge.open-contracting.org/fr/blog/applications/cabrane-com-keep-eye-site/ [18811] -> "innovationchallenge.open-contracting.org/fr/blog/applications/cabrane-com-keep-eye-site/index.html" [1]
2021-08-23 17:15:14 URL:http://innovationchallenge.open-contracting.org/fr/blog/applications/linking-spending-contracting-data-mexico/ [19831] -> "innovationchallenge.open-contracting.org/fr/blog/applications/linking-spending-contracting-data-mexico/index.html" [1]
2021-08-23 17:15:15 URL:http://innovationchallenge.open-contracting.org/fr/blog/applications/compratwitt/ [19211] -> "innovationchallenge.open-contracting.org/fr/blog/applications/compratwitt/index.html" [1]
2021-08-23 17:15:15 URL:http://innovationchallenge.open-contracting.org/fr/blog/applications/market-rate-alert-egp/ [18067] -> "innovationchallenge.open-contracting.org/fr/blog/applications/market-rate-alert-egp/index.html" [1]
2021-08-23 17:15:16 URL:http://innovationchallenge.open-contracting.org/fr/blog/applications/countcontracts/ [18122] -> "innovationchallenge.open-contracting.org/fr/blog/applications/countcontracts/index.html" [1]
2021-08-23 17:15:16 URL:http://innovationchallenge.open-contracting.org/fr/blog/applications/protocolo-para-la-medicion-del-avance-de-obras/ [18630] -> "innovationchallenge.open-contracting.org/fr/blog/applications/protocolo-para-la-medicion-del-avance-de-obras/index.html" [1]
2021-08-23 17:15:17 URL:http://innovationchallenge.open-contracting.org/fr/blog/applications/citizens-engaging-public-procurement/ [19082] -> "innovationchallenge.open-contracting.org/fr/blog/applications/citizens-engaging-public-procurement/index.html" [1]
2021-08-23 17:15:17 URL:http://innovationchallenge.open-contracting.org/fr/blog/applications/apolo-advancing-procurement-open-ledger-ops/ [19471] -> "innovationchallenge.open-contracting.org/fr/blog/applications/apolo-advancing-procurement-open-ledger-ops/index.html" [1]
2021-08-23 17:15:18 URL:http://innovationchallenge.open-contracting.org/fr/blog/applications/ant-fraud-social-awareness/ [19597] -> "innovationchallenge.open-contracting.org/fr/blog/applications/ant-fraud-social-awareness/index.html" [1]
2021-08-23 17:15:18 URL:http://innovationchallenge.open-contracting.org/fr/blog/applications/open-data-open-micro-procurement/ [18823] -> "innovationchallenge.open-contracting.org/fr/blog/applications/open-data-open-micro-procurement/index.html" [1]
2021-08-23 17:15:19 URL:http://innovationchallenge.open-contracting.org/fr/blog/applications/monaqasat-morocco/ [18574] -> "innovationchallenge.open-contracting.org/fr/blog/applications/monaqasat-morocco/index.html" [1]
2021-08-23 17:15:19 URL:http://innovationchallenge.open-contracting.org/fr/blog/applications/opentendertr/ [18686] -> "innovationchallenge.open-contracting.org/fr/blog/applications/opentendertr/index.html" [1]
2021-08-23 17:15:20 URL:http://innovationchallenge.open-contracting.org/fr/blog/applications/crowdsourcing-monitor-procurement-contracts/ [18436] -> "innovationchallenge.open-contracting.org/fr/blog/applications/crowdsourcing-monitor-procurement-contracts/index.html" [1]
2021-08-23 17:15:20 URL:http://innovationchallenge.open-contracting.org/fr/blog/applications/crowd-based-social-red-flagging/ [18778] -> "innovationchallenge.open-contracting.org/fr/blog/applications/crowd-based-social-red-flagging/index.html" [1]
2021-08-23 17:15:21 URL:http://innovationchallenge.open-contracting.org/fr/blog/applications/unlocking-potential-data-waste-sector/ [19089] -> "innovationchallenge.open-contracting.org/fr/blog/applications/unlocking-potential-data-waste-sector/index.html" [1]
2021-08-23 17:15:21 URL:http://innovationchallenge.open-contracting.org/fr/blog/applications/dueprop-app-smart-city-solutions/ [19335] -> "innovationchallenge.open-contracting.org/fr/blog/applications/dueprop-app-smart-city-solutions/index.html" [1]
2021-08-23 17:15:22 URL:http://innovationchallenge.open-contracting.org/fr/blog/applications/giving-procurement-voice/ [18781] -> "innovationchallenge.open-contracting.org/fr/blog/applications/giving-procurement-voice/index.html" [1]
2021-08-23 17:15:22 URL:http://innovationchallenge.open-contracting.org/fr/blog/applications/govsell-app/ [18397] -> "innovationchallenge.open-contracting.org/fr/blog/applications/govsell-app/index.html" [1]
2021-08-23 17:15:23 URL:http://innovationchallenge.open-contracting.org/fr/blog/applications/contrataciones-abiertas-nicaragua/ [19214] -> "innovationchallenge.open-contracting.org/fr/blog/applications/contrataciones-abiertas-nicaragua/index.html" [1]
2021-08-23 17:15:24 URL:http://innovationchallenge.open-contracting.org/fr/blog/applications/registro-publico-de-ordenes-de-compras-y-de-pago/ [18321] -> "innovationchallenge.open-contracting.org/fr/blog/applications/registro-publico-de-ordenes-de-compras-y-de-pago/index.html" [1]
2021-08-23 17:15:24 URL:http://innovationchallenge.open-contracting.org/fr/blog/applications/contratos-abertos-open-contracting-sao-paulo/ [18739] -> "innovationchallenge.open-contracting.org/fr/blog/applications/contratos-abertos-open-contracting-sao-paulo/index.html" [1]
2021-08-23 17:15:25 URL:http://innovationchallenge.open-contracting.org/fr/blog/applications/national-open-tenders-portal/ [19198] -> "innovationchallenge.open-contracting.org/fr/blog/applications/national-open-tenders-portal/index.html" [1]
2021-08-23 17:15:25 URL:http://innovationchallenge.open-contracting.org/fr/blog/applications/elvis-public-procurement-visualisation-tool/ [19359] -> "innovationchallenge.open-contracting.org/fr/blog/applications/elvis-public-procurement-visualisation-tool/index.html" [1]
2021-08-23 17:15:26 URL:http://innovationchallenge.open-contracting.org/es/blog/applications/telus/ [19182] -> "innovationchallenge.open-contracting.org/es/blog/applications/telus/index.html" [1]
2021-08-23 17:15:26 URL:http://innovationchallenge.open-contracting.org/es/blog/applications/benchmarking-contracting-authorities/ [19055] -> "innovationchallenge.open-contracting.org/es/blog/applications/benchmarking-contracting-authorities/index.html" [1]
2021-08-23 17:15:27 URL:http://innovationchallenge.open-contracting.org/es/blog/applications/contratobook/ [19179] -> "innovationchallenge.open-contracting.org/es/blog/applications/contratobook/index.html" [1]
2021-08-23 17:15:27 URL:http://innovationchallenge.open-contracting.org/es/blog/applications/digitaltwins-info/ [19538] -> "innovationchallenge.open-contracting.org/es/blog/applications/digitaltwins-info/index.html" [1]
2021-08-23 17:15:28 URL:http://innovationchallenge.open-contracting.org/es/blog/applications/joined-data-linked-useable-procurement-data/ [19068] -> "innovationchallenge.open-contracting.org/es/blog/applications/joined-data-linked-useable-procurement-data/index.html" [1]
2021-08-23 17:15:28 URL:http://innovationchallenge.open-contracting.org/es/blog/applications/ocdsearch/ [18641] -> "innovationchallenge.open-contracting.org/es/blog/applications/ocdsearch/index.html" [1]
2021-08-23 17:15:29 URL:http://innovationchallenge.open-contracting.org/es/blog/applications/nocopo-www-nigeriaoc-org/ [19590] -> "innovationchallenge.open-contracting.org/es/blog/applications/nocopo-www-nigeriaoc-org/index.html" [1]
2021-08-23 17:15:29 URL:http://innovationchallenge.open-contracting.org/es/blog/applications/discretion-overcoming-implementation-stage/ [19785] -> "innovationchallenge.open-contracting.org/es/blog/applications/discretion-overcoming-implementation-stage/index.html" [1]
2021-08-23 17:15:30 URL:http://innovationchallenge.open-contracting.org/es/blog/applications/reaching-civic-technology/ [19622] -> "innovationchallenge.open-contracting.org/es/blog/applications/reaching-civic-technology/index.html" [1]
2021-08-23 17:15:30 URL:http://innovationchallenge.open-contracting.org/es/blog/applications/investigating-contracts-blueprint/ [19375] -> "innovationchallenge.open-contracting.org/es/blog/applications/investigating-contracts-blueprint/index.html" [1]
2021-08-23 17:15:31 URL:http://innovationchallenge.open-contracting.org/es/blog/applications/e-tendersystem/ [18259] -> "innovationchallenge.open-contracting.org/es/blog/applications/e-tendersystem/index.html" [1]
2021-08-23 17:15:31 URL:http://innovationchallenge.open-contracting.org/es/blog/applications/operacao-serenata-de-amor/ [19451] -> "innovationchallenge.open-contracting.org/es/blog/applications/operacao-serenata-de-amor/index.html" [1]
2021-08-23 17:15:32 URL:http://innovationchallenge.open-contracting.org/es/blog/applications/wemis/ [18357] -> "innovationchallenge.open-contracting.org/es/blog/applications/wemis/index.html" [1]
2021-08-23 17:15:32 URL:http://innovationchallenge.open-contracting.org/es/blog/applications/blockchain-tech-improving-public-procurements/ [18852] -> "innovationchallenge.open-contracting.org/es/blog/applications/blockchain-tech-improving-public-procurements/index.html" [1]
2021-08-23 17:15:33 URL:http://innovationchallenge.open-contracting.org/es/blog/applications/procurement-indian-railways-data-mining/ [18577] -> "innovationchallenge.open-contracting.org/es/blog/applications/procurement-indian-railways-data-mining/index.html" [1]
2021-08-23 17:15:33 URL:http://innovationchallenge.open-contracting.org/es/blog/applications/algotender/ [18409] -> "innovationchallenge.open-contracting.org/es/blog/applications/algotender/index.html" [1]
2021-08-23 17:15:34 URL:http://innovationchallenge.open-contracting.org/es/blog/applications/online-data-management/ [18318] -> "innovationchallenge.open-contracting.org/es/blog/applications/online-data-management/index.html" [1]
2021-08-23 17:15:34 URL:http://innovationchallenge.open-contracting.org/es/blog/applications/monitoring-unfair-public-procurement/ [19027] -> "innovationchallenge.open-contracting.org/es/blog/applications/monitoring-unfair-public-procurement/index.html" [1]
2021-08-23 17:15:35 URL:http://innovationchallenge.open-contracting.org/es/blog/applications/shared-past-performance-database/ [18778] -> "innovationchallenge.open-contracting.org/es/blog/applications/shared-past-performance-database/index.html" [1]
2021-08-23 17:15:35 URL:http://innovationchallenge.open-contracting.org/es/blog/applications/compras-publicas-para-ciudadanos-y-proveedores/ [19661] -> "innovationchallenge.open-contracting.org/es/blog/applications/compras-publicas-para-ciudadanos-y-proveedores/index.html" [1]
2021-08-23 17:15:36 URL:http://innovationchallenge.open-contracting.org/es/blog/applications/intellitender/ [18953] -> "innovationchallenge.open-contracting.org/es/blog/applications/intellitender/index.html" [1]
2021-08-23 17:15:36 URL:http://innovationchallenge.open-contracting.org/es/blog/applications/tender-forest/ [18949] -> "innovationchallenge.open-contracting.org/es/blog/applications/tender-forest/index.html" [1]
2021-08-23 17:15:37 URL:http://innovationchallenge.open-contracting.org/es/blog/applications/government-canada-spending/ [19510] -> "innovationchallenge.open-contracting.org/es/blog/applications/government-canada-spending/index.html" [1]
2021-08-23 17:15:37 URL:http://innovationchallenge.open-contracting.org/es/blog/applications/public-contracts-women-business-owners/ [18830] -> "innovationchallenge.open-contracting.org/es/blog/applications/public-contracts-women-business-owners/index.html" [1]
2021-08-23 17:15:38 URL:http://innovationchallenge.open-contracting.org/es/blog/applications/benchmarking-nhs-procurement-data-ocds/ [19079] -> "innovationchallenge.open-contracting.org/es/blog/applications/benchmarking-nhs-procurement-data-ocds/index.html" [1]
2021-08-23 17:15:38 URL:http://innovationchallenge.open-contracting.org/es/blog/applications/unified-e-portal-members-world-trade/ [19618] -> "innovationchallenge.open-contracting.org/es/blog/applications/unified-e-portal-members-world-trade/index.html" [1]
2021-08-23 17:15:39 URL:http://innovationchallenge.open-contracting.org/es/blog/applications/ideales-contratos-publicos/ [19093] -> "innovationchallenge.open-contracting.org/es/blog/applications/ideales-contratos-publicos/index.html" [1]
2021-08-23 17:15:40 URL:http://innovationchallenge.open-contracting.org/es/blog/applications/project-sunflower/ [18442] -> "innovationchallenge.open-contracting.org/es/blog/applications/project-sunflower/index.html" [1]
2021-08-23 17:15:40 URL:http://innovationchallenge.open-contracting.org/es/blog/applications/tenderio/ [18864] -> "innovationchallenge.open-contracting.org/es/blog/applications/tenderio/index.html" [1]
2021-08-23 17:15:41 URL:http://innovationchallenge.open-contracting.org/es/blog/applications/open-inspection/ [19491] -> "innovationchallenge.open-contracting.org/es/blog/applications/open-inspection/index.html" [1]
2021-08-23 17:15:41 URL:http://innovationchallenge.open-contracting.org/es/blog/applications/angry-taxpayers/ [19553] -> "innovationchallenge.open-contracting.org/es/blog/applications/angry-taxpayers/index.html" [1]
2021-08-23 17:15:42 URL:http://innovationchallenge.open-contracting.org/es/blog/applications/measuring-corruption-risk-brazilian-cities/ [19655] -> "innovationchallenge.open-contracting.org/es/blog/applications/measuring-corruption-risk-brazilian-cities/index.html" [1]
2021-08-23 17:15:42 URL:http://innovationchallenge.open-contracting.org/es/blog/applications/pymeo/ [19040] -> "innovationchallenge.open-contracting.org/es/blog/applications/pymeo/index.html" [1]
2021-08-23 17:15:43 URL:http://innovationchallenge.open-contracting.org/es/blog/applications/quienesquien-wiki/ [19375] -> "innovationchallenge.open-contracting.org/es/blog/applications/quienesquien-wiki/index.html" [1]
2021-08-23 17:15:43 URL:http://innovationchallenge.open-contracting.org/es/blog/applications/edutrack/ [18833] -> "innovationchallenge.open-contracting.org/es/blog/applications/edutrack/index.html" [1]
2021-08-23 17:15:44 URL:http://innovationchallenge.open-contracting.org/es/blog/applications/portal-transparent-ppp-projects-p4t4/ [18274] -> "innovationchallenge.open-contracting.org/es/blog/applications/portal-transparent-ppp-projects-p4t4/index.html" [1]
2021-08-23 17:15:44 URL:http://innovationchallenge.open-contracting.org/es/blog/applications/value-money-health/ [18729] -> "innovationchallenge.open-contracting.org/es/blog/applications/value-money-health/index.html" [1]
2021-08-23 17:15:45 URL:http://innovationchallenge.open-contracting.org/es/blog/applications/monitoring-artificial-division-contracts/ [18870] -> "innovationchallenge.open-contracting.org/es/blog/applications/monitoring-artificial-division-contracts/index.html" [1]
2021-08-23 17:15:45 URL:http://innovationchallenge.open-contracting.org/es/blog/applications/two-pence-lit-trigrasis-provisional/ [18542] -> "innovationchallenge.open-contracting.org/es/blog/applications/two-pence-lit-trigrasis-provisional/index.html" [1]
2021-08-23 17:15:46 URL:http://innovationchallenge.open-contracting.org/es/blog/applications/intercom/ [19446] -> "innovationchallenge.open-contracting.org/es/blog/applications/intercom/index.html" [1]
2021-08-23 17:15:47 URL:http://innovationchallenge.open-contracting.org/es/blog/applications/municipios-transparentes/ [19056] -> "innovationchallenge.open-contracting.org/es/blog/applications/municipios-transparentes/index.html" [1]
2021-08-23 17:15:47 URL:http://innovationchallenge.open-contracting.org/es/blog/applications/vigilant-screen/ [18762] -> "innovationchallenge.open-contracting.org/es/blog/applications/vigilant-screen/index.html" [1]
2021-08-23 17:15:48 URL:http://innovationchallenge.open-contracting.org/es/blog/applications/zamowienia-2-0/ [19276] -> "innovationchallenge.open-contracting.org/es/blog/applications/zamowienia-2-0/index.html" [1]
2021-08-23 17:15:48 URL:http://innovationchallenge.open-contracting.org/es/blog/applications/e-ntegriti-one-click-transparency/ [18547] -> "innovationchallenge.open-contracting.org/es/blog/applications/e-ntegriti-one-click-transparency/index.html" [1]
2021-08-23 17:15:49 URL:http://innovationchallenge.open-contracting.org/es/blog/applications/smart-case/ [18887] -> "innovationchallenge.open-contracting.org/es/blog/applications/smart-case/index.html" [1]
2021-08-23 17:15:49 URL:http://innovationchallenge.open-contracting.org/es/blog/applications/pachena-mobi-tender/ [18456] -> "innovationchallenge.open-contracting.org/es/blog/applications/pachena-mobi-tender/index.html" [1]
2021-08-23 17:15:50 URL:http://innovationchallenge.open-contracting.org/es/blog/applications/ontrack/ [18360] -> "innovationchallenge.open-contracting.org/es/blog/applications/ontrack/index.html" [1]
2021-08-23 17:15:50 URL:http://innovationchallenge.open-contracting.org/es/blog/applications/african-data-initiative/ [19621] -> "innovationchallenge.open-contracting.org/es/blog/applications/african-data-initiative/index.html" [1]
2021-08-23 17:15:51 URL:http://innovationchallenge.open-contracting.org/es/blog/applications/collaborative-open-data-investigation/ [19062] -> "innovationchallenge.open-contracting.org/es/blog/applications/collaborative-open-data-investigation/index.html" [1]
2021-08-23 17:15:51 URL:http://innovationchallenge.open-contracting.org/es/blog/applications/procurement-work-construction-region-farms/ [18687] -> "innovationchallenge.open-contracting.org/es/blog/applications/procurement-work-construction-region-farms/index.html" [1]
2021-08-23 17:15:52 URL:http://innovationchallenge.open-contracting.org/es/blog/applications/expertise-outcomes-becomes-important/ [19649] -> "innovationchallenge.open-contracting.org/es/blog/applications/expertise-outcomes-becomes-important/index.html" [1]
2021-08-23 17:15:52 URL:http://innovationchallenge.open-contracting.org/es/blog/applications/mobilemonitor/ [18835] -> "innovationchallenge.open-contracting.org/es/blog/applications/mobilemonitor/index.html" [1]
2021-08-23 17:15:53 URL:http://innovationchallenge.open-contracting.org/es/blog/applications/open-audit/ [18923] -> "innovationchallenge.open-contracting.org/es/blog/applications/open-audit/index.html" [1]
2021-08-23 17:15:54 URL:http://innovationchallenge.open-contracting.org/es/blog/applications/calauit-safari-system/ [19525] -> "innovationchallenge.open-contracting.org/es/blog/applications/calauit-safari-system/index.html" [1]
2021-08-23 17:15:54 URL:http://innovationchallenge.open-contracting.org/es/blog/applications/usingjuridical-data-public-procurement-nepal/ [19080] -> "innovationchallenge.open-contracting.org/es/blog/applications/usingjuridical-data-public-procurement-nepal/index.html" [1]
2021-08-23 17:15:55 URL:http://innovationchallenge.open-contracting.org/es/blog/applications/transparency-contract-award-nigeria/ [19625] -> "innovationchallenge.open-contracting.org/es/blog/applications/transparency-contract-award-nigeria/index.html" [1]
2021-08-23 17:15:55 URL:http://innovationchallenge.open-contracting.org/es/blog/applications/cloud-open-marketplace/ [18721] -> "innovationchallenge.open-contracting.org/es/blog/applications/cloud-open-marketplace/index.html" [1]
2021-08-23 17:15:56 URL:http://innovationchallenge.open-contracting.org/es/blog/applications/quien-le-compra-la-ciudad-de-mexico/ [19351] -> "innovationchallenge.open-contracting.org/es/blog/applications/quien-le-compra-la-ciudad-de-mexico/index.html" [1]
2021-08-23 17:15:56 URL:http://innovationchallenge.open-contracting.org/es/blog/applications/hackaton-for-usability/ [19546] -> "innovationchallenge.open-contracting.org/es/blog/applications/hackaton-for-usability/index.html" [1]
2021-08-23 17:15:57 URL:http://innovationchallenge.open-contracting.org/es/blog/applications/contrataciones-abiertas-mx/ [19001] -> "innovationchallenge.open-contracting.org/es/blog/applications/contrataciones-abiertas-mx/index.html" [1]
2021-08-23 17:15:57 URL:http://innovationchallenge.open-contracting.org/es/blog/applications/drcongo-gov-open-contract/ [18604] -> "innovationchallenge.open-contracting.org/es/blog/applications/drcongo-gov-open-contract/index.html" [1]
2021-08-23 17:15:58 URL:http://innovationchallenge.open-contracting.org/es/blog/applications/oc-analytics/ [19393] -> "innovationchallenge.open-contracting.org/es/blog/applications/oc-analytics/index.html" [1]
2021-08-23 17:15:58 URL:http://innovationchallenge.open-contracting.org/es/blog/applications/crosstract/ [18386] -> "innovationchallenge.open-contracting.org/es/blog/applications/crosstract/index.html" [1]
2021-08-23 17:15:59 URL:http://innovationchallenge.open-contracting.org/es/blog/applications/apply-for-tender/ [18713] -> "innovationchallenge.open-contracting.org/es/blog/applications/apply-for-tender/index.html" [1]
2021-08-23 17:15:59 URL:http://innovationchallenge.open-contracting.org/es/blog/applications/crowdtrack/ [19211] -> "innovationchallenge.open-contracting.org/es/blog/applications/crowdtrack/index.html" [1]
2021-08-23 17:16:00 URL:http://innovationchallenge.open-contracting.org/es/blog/applications/cabrane-com-keep-eye-site/ [18805] -> "innovationchallenge.open-contracting.org/es/blog/applications/cabrane-com-keep-eye-site/index.html" [1]
2021-08-23 17:16:00 URL:http://innovationchallenge.open-contracting.org/es/blog/applications/linking-spending-contracting-data-mexico/ [19825] -> "innovationchallenge.open-contracting.org/es/blog/applications/linking-spending-contracting-data-mexico/index.html" [1]
2021-08-23 17:16:01 URL:http://innovationchallenge.open-contracting.org/es/blog/applications/compratwitt/ [19205] -> "innovationchallenge.open-contracting.org/es/blog/applications/compratwitt/index.html" [1]
2021-08-23 17:16:01 URL:http://innovationchallenge.open-contracting.org/es/blog/applications/market-rate-alert-egp/ [18061] -> "innovationchallenge.open-contracting.org/es/blog/applications/market-rate-alert-egp/index.html" [1]
2021-08-23 17:16:02 URL:http://innovationchallenge.open-contracting.org/es/blog/applications/countcontracts/ [18116] -> "innovationchallenge.open-contracting.org/es/blog/applications/countcontracts/index.html" [1]
2021-08-23 17:16:02 URL:http://innovationchallenge.open-contracting.org/es/blog/applications/protocolo-para-la-medicion-del-avance-de-obras/ [18624] -> "innovationchallenge.open-contracting.org/es/blog/applications/protocolo-para-la-medicion-del-avance-de-obras/index.html" [1]
2021-08-23 17:16:03 URL:http://innovationchallenge.open-contracting.org/es/blog/applications/citizens-engaging-public-procurement/ [19076] -> "innovationchallenge.open-contracting.org/es/blog/applications/citizens-engaging-public-procurement/index.html" [1]
2021-08-23 17:16:03 URL:http://innovationchallenge.open-contracting.org/es/blog/applications/apolo-advancing-procurement-open-ledger-ops/ [19465] -> "innovationchallenge.open-contracting.org/es/blog/applications/apolo-advancing-procurement-open-ledger-ops/index.html" [1]
2021-08-23 17:16:04 URL:http://innovationchallenge.open-contracting.org/es/blog/applications/ant-fraud-social-awareness/ [19591] -> "innovationchallenge.open-contracting.org/es/blog/applications/ant-fraud-social-awareness/index.html" [1]
2021-08-23 17:16:04 URL:http://innovationchallenge.open-contracting.org/es/blog/applications/open-data-open-micro-procurement/ [18817] -> "innovationchallenge.open-contracting.org/es/blog/applications/open-data-open-micro-procurement/index.html" [1]
2021-08-23 17:16:05 URL:http://innovationchallenge.open-contracting.org/es/blog/applications/monaqasat-morocco/ [18568] -> "innovationchallenge.open-contracting.org/es/blog/applications/monaqasat-morocco/index.html" [1]
2021-08-23 17:16:06 URL:http://innovationchallenge.open-contracting.org/es/blog/applications/opentendertr/ [18680] -> "innovationchallenge.open-contracting.org/es/blog/applications/opentendertr/index.html" [1]
2021-08-23 17:16:06 URL:http://innovationchallenge.open-contracting.org/es/blog/applications/crowdsourcing-monitor-procurement-contracts/ [18430] -> "innovationchallenge.open-contracting.org/es/blog/applications/crowdsourcing-monitor-procurement-contracts/index.html" [1]
2021-08-23 17:16:07 URL:http://innovationchallenge.open-contracting.org/es/blog/applications/crowd-based-social-red-flagging/ [18772] -> "innovationchallenge.open-contracting.org/es/blog/applications/crowd-based-social-red-flagging/index.html" [1]
2021-08-23 17:16:08 URL:http://innovationchallenge.open-contracting.org/es/blog/applications/unlocking-potential-data-waste-sector/ [19083] -> "innovationchallenge.open-contracting.org/es/blog/applications/unlocking-potential-data-waste-sector/index.html" [1]
2021-08-23 17:16:08 URL:http://innovationchallenge.open-contracting.org/es/blog/applications/dueprop-app-smart-city-solutions/ [19329] -> "innovationchallenge.open-contracting.org/es/blog/applications/dueprop-app-smart-city-solutions/index.html" [1]
2021-08-23 17:16:09 URL:http://innovationchallenge.open-contracting.org/es/blog/applications/giving-procurement-voice/ [18775] -> "innovationchallenge.open-contracting.org/es/blog/applications/giving-procurement-voice/index.html" [1]
2021-08-23 17:16:09 URL:http://innovationchallenge.open-contracting.org/es/blog/applications/govsell-app/ [18391] -> "innovationchallenge.open-contracting.org/es/blog/applications/govsell-app/index.html" [1]
2021-08-23 17:16:10 URL:http://innovationchallenge.open-contracting.org/es/blog/applications/contrataciones-abiertas-nicaragua/ [19208] -> "innovationchallenge.open-contracting.org/es/blog/applications/contrataciones-abiertas-nicaragua/index.html" [1]
2021-08-23 17:16:10 URL:http://innovationchallenge.open-contracting.org/es/blog/applications/registro-publico-de-ordenes-de-compras-y-de-pago/ [18315] -> "innovationchallenge.open-contracting.org/es/blog/applications/registro-publico-de-ordenes-de-compras-y-de-pago/index.html" [1]
2021-08-23 17:16:11 URL:http://innovationchallenge.open-contracting.org/es/blog/applications/contratos-abertos-open-contracting-sao-paulo/ [18733] -> "innovationchallenge.open-contracting.org/es/blog/applications/contratos-abertos-open-contracting-sao-paulo/index.html" [1]
2021-08-23 17:16:11 URL:http://innovationchallenge.open-contracting.org/es/blog/applications/national-open-tenders-portal/ [19192] -> "innovationchallenge.open-contracting.org/es/blog/applications/national-open-tenders-portal/index.html" [1]
2021-08-23 17:16:12 URL:http://innovationchallenge.open-contracting.org/es/blog/applications/elvis-public-procurement-visualisation-tool/ [19353] -> "innovationchallenge.open-contracting.org/es/blog/applications/elvis-public-procurement-visualisation-tool/index.html" [1]
FINISHED --2021-08-23 17:16:12--
Total wall clock time: 2m 32s
Downloaded: 321 files, 12M in 13s (943 KB/s)
